<?xml version="1.0" encoding="UTF-8"?>
<testng-results skipped="0" failed="0" ignored="4" total="5" passed="1">
  <reporter-output>
  </reporter-output>
  <suite name="tests.Tests" duration-ms="9593" started-at="2019-04-22T20:23:43Z" finished-at="2019-04-22T20:23:53Z">
    <groups>
    </groups>
    <test name="Command line test" duration-ms="9593" started-at="2019-04-22T20:23:43Z" finished-at="2019-04-22T20:23:53Z">
      <class name="tests.Tests">
        <test-method status="PASS" signature="setUp()[pri:0, instance:tests.Tests@6bf256fa]" name="setUp" is-config="true" duration-ms="6110" started-at="2019-04-22T20:23:43Z" finished-at="2019-04-22T20:23:49Z">
          <reporter-output>
          </reporter-output>
        </test-method> <!-- setUp -->
        <test-method status="PASS" signature="loginIncorrecto()[pri:0, instance:tests.Tests@6bf256fa]" name="loginIncorrecto" duration-ms="3329" started-at="2019-04-22T20:23:49Z" description="Login Incorrecto" finished-at="2019-04-22T20:23:53Z">
          <reporter-output>
          </reporter-output>
        </test-method> <!-- loginIncorrecto -->
        <test-method status="PASS" signature="tearDown(org.testng.ITestResult)[pri:0, instance:tests.Tests@6bf256fa]" name="tearDown" is-config="true" duration-ms="109" started-at="2019-04-22T20:23:53Z" finished-at="2019-04-22T20:23:53Z">
          <params>
            <param index="0">
              <value>
                <![CDATA[[TestResult name=loginIncorrecto status=SUCCESS method=Tests.loginIncorrecto()[pri:0, instance:tests.Tests@6bf256fa] output={null}]]]>
              </value>
            </param>
          </params>
          <reporter-output>
          </reporter-output>
        </test-method> <!-- tearDown -->
      </class> <!-- tests.Tests -->
    </test> <!-- Command line test -->
  </suite> <!-- tests.Tests -->
</testng-results>
